<?xml version="1.0" encoding="UTF-8"?>
<!-- Generated by org.testng.reporters.JUnitReportReporter -->
<testsuite hostname="TYSS-Pavan" failures="0" tests="2" name="runner.Runner" time="0.148" errors="0" timestamp="2023-04-11T15:47:15 IST" skipped="0">
  <testcase classname="runner.Runner" name="runScenario" time="0.127"/>
  <system-out/>
  <testcase classname="runner.Runner" name="runScenario" time="0.021"/>
  <system-out/>
</testsuite> <!-- runner.Runner -->
