<?xml version="1.0" encoding="UTF-8"?>
<!-- Generated by org.testng.reporters.JUnitReportReporter -->
<testsuite hostname="TYSS-Pavan" failures="0" tests="1" name="runner.Runner" time="15.864" errors="0" timestamp="2023-04-12T13:08:07 IST" skipped="0">
  <testcase classname="runner.Runner" name="runScenario" time="15.864"/>
  <system-out/>
</testsuite> <!-- runner.Runner -->
